21:07:57.246 [main] INFO  testCases.TC_001_AccountRegistrationTest - Test Passed
21:07:57.334 [main] INFO  testCases.TC_001_AccountRegistrationTest - Finished TC_001_AccountRegistrationTest
21:08:05.325 [main] INFO  testCases.TC_002_LoginTest - **** Starting TC_002_LoginTest  ****
21:08:05.325 [main] DEBUG testCases.TC_002_LoginTest - capturing application debug logs....
21:08:05.497 [main] INFO  testCases.TC_002_LoginTest - clicked on myaccount link on the home page..
21:08:05.715 [main] INFO  testCases.TC_002_LoginTest - clicked on login link under myaccount..
21:08:05.752 [main] INFO  testCases.TC_002_LoginTest - Entering valid email and password..
21:08:06.308 [main] INFO  testCases.TC_002_LoginTest - clicked on ligin button..
21:08:06.431 [main] INFO  testCases.TC_002_LoginTest - **** Finished TC_002_LoginTest  ****
07:52:08.153 [main] INFO  testCases.TC_001_AccountRegistrationTest - Starting TC_001_AccountRegistrationTest
07:52:10.894 [main] INFO  testCases.TC_001_AccountRegistrationTest - Clicked My Account
07:52:12.623 [main] INFO  testCases.TC_001_AccountRegistrationTest - Clicked Registration Link
07:52:12.624 [main] INFO  testCases.TC_001_AccountRegistrationTest - Entering Customer Details
07:52:17.842 [main] INFO  testCases.TC_001_AccountRegistrationTest - Clicked On Continue
07:52:18.232 [main] INFO  testCases.TC_001_AccountRegistrationTest - Validating Expected Message
07:52:18.233 [main] INFO  testCases.TC_001_AccountRegistrationTest - Test Passed
07:52:18.330 [main] INFO  testCases.TC_001_AccountRegistrationTest - Finished TC_001_AccountRegistrationTest
07:52:28.467 [main] INFO  testCases.TC_002_LoginTest - **** Starting TC_002_LoginTest  ****
07:52:28.467 [main] DEBUG testCases.TC_002_LoginTest - capturing application debug logs....
07:52:30.712 [main] INFO  testCases.TC_002_LoginTest - clicked on myaccount link on the home page..
07:52:31.006 [main] INFO  testCases.TC_002_LoginTest - clicked on login link under myaccount..
07:52:31.106 [main] INFO  testCases.TC_002_LoginTest - Entering valid email and password..
07:52:31.885 [main] INFO  testCases.TC_002_LoginTest - clicked on ligin button..
07:52:32.362 [main] INFO  testCases.TC_002_LoginTest - **** Finished TC_002_LoginTest  ****
08:18:46.586 [main] INFO  testCases.TC_001_AccountRegistrationTest - Starting TC_001_AccountRegistrationTest
08:18:51.135 [main] INFO  testCases.TC_001_AccountRegistrationTest - Clicked My Account
08:18:53.823 [main] INFO  testCases.TC_001_AccountRegistrationTest - Clicked Registration Link
08:18:53.823 [main] INFO  testCases.TC_001_AccountRegistrationTest - Entering Customer Details
08:20:22.170 [main] INFO  testCases.TC_001_AccountRegistrationTest - Clicked On Continue
08:20:22.270 [main] INFO  testCases.TC_001_AccountRegistrationTest - Validating Expected Message
08:20:22.270 [main] INFO  testCases.TC_001_AccountRegistrationTest - Test Passed
08:20:22.290 [main] INFO  testCases.TC_001_AccountRegistrationTest - Finished TC_001_AccountRegistrationTest
08:20:56.297 [main] INFO  testCases.TC_002_LoginTest - **** Starting TC_002_LoginTest  ****
08:20:56.299 [main] DEBUG testCases.TC_002_LoginTest - capturing application debug logs....
08:21:04.573 [main] INFO  testCases.TC_002_LoginTest - clicked on myaccount link on the home page..
08:21:05.175 [main] INFO  testCases.TC_002_LoginTest - clicked on login link under myaccount..
08:21:05.288 [main] INFO  testCases.TC_002_LoginTest - Entering valid email and password..
08:21:07.831 [main] INFO  testCases.TC_002_LoginTest - clicked on ligin button..
08:21:08.312 [main] INFO  testCases.TC_002_LoginTest - **** Finished TC_002_LoginTest  ****
23:55:22.290 [main] INFO  testCases.TC_001_AccountRegistrationTest - Starting TC_001_AccountRegistrationTest
23:55:23.058 [main] INFO  testCases.TC_001_AccountRegistrationTest - Clicked My Account
23:55:23.943 [main] INFO  testCases.TC_001_AccountRegistrationTest - Clicked Registration Link
23:55:23.943 [main] INFO  testCases.TC_001_AccountRegistrationTest - Entering Customer Details
23:55:26.372 [main] INFO  testCases.TC_001_AccountRegistrationTest - Clicked On Continue
23:55:26.536 [main] INFO  testCases.TC_001_AccountRegistrationTest - Validating Expected Message
23:55:26.536 [main] INFO  testCases.TC_001_AccountRegistrationTest - Test Passed
23:55:26.551 [main] INFO  testCases.TC_001_AccountRegistrationTest - Finished TC_001_AccountRegistrationTest
23:55:30.706 [main] INFO  testCases.TC_002_LoginTest - **** Starting TC_002_LoginTest  ****
23:55:30.708 [main] DEBUG testCases.TC_002_LoginTest - capturing application debug logs....
23:55:31.189 [main] INFO  testCases.TC_002_LoginTest - clicked on myaccount link on the home page..
23:55:31.485 [main] INFO  testCases.TC_002_LoginTest - clicked on login link under myaccount..
23:55:31.563 [main] INFO  testCases.TC_002_LoginTest - Entering valid email and password..
23:55:32.331 [main] INFO  testCases.TC_002_LoginTest - clicked on ligin button..
